# JRE version: Java(TM) SE Runtime Environment (8.0_144-b01) (build 1.8.0_144-b01)
# Java VM: Java HotSpot(TM) 64-Bit Server VM (25.144-b01 mixed mode windows-amd64 compressed oops)
Heap:
 PSYoungGen      total 18944K, used 11413K [0x00000000eb380000, 0x00000000ec880000, 0x0000000100000000)
  eden space 16384K, 69% used [0x00000000eb380000,0x00000000ebea55b8,0x00000000ec380000)
  from space 2560K, 0% used [0x00000000ec380000,0x00000000ec380000,0x00000000ec600000)
  to   space 2560K, 0% used [0x00000000ec600000,0x00000000ec600000,0x00000000ec880000)
 ParOldGen       total 31744K, used 1358K [0x00000000c1a00000, 0x00000000c3900000, 0x00000000eb380000)
  object space 31744K, 4% used [0x00000000c1a00000,0x00000000c1b53b38,0x00000000c3900000)
 Metaspace       used 14890K, capacity 15072K, committed 15360K, reserved 1067008K
  class space    used 1831K, capacity 1921K, committed 2048K, reserved 1048576K
GC Heap History (4 events):
Event: 0.483 GC heap before
{Heap before GC invocations=1 (full 0):
 PSYoungGen      total 18944K, used 4590K [0x00000000eb380000, 0x00000000ec880000, 0x0000000100000000)
  eden space 16384K, 28% used [0x00000000eb380000,0x00000000eb7fbbc0,0x00000000ec380000)
  from space 2560K, 0% used [0x00000000ec600000,0x00000000ec600000,0x00000000ec880000)
  to   space 2560K, 0% used [0x00000000ec380000,0x00000000ec380000,0x00000000ec600000)
 ParOldGen       total 44032K, used 0K [0x00000000c1a00000, 0x00000000c4500000, 0x00000000eb380000)
  object space 44032K, 0% used [0x00000000c1a00000,0x00000000c1a00000,0x00000000c4500000)
 Metaspace       used 8608K, capacity 8796K, committed 8960K, reserved 1064960K
  class space    used 1090K, capacity 1178K, committed 1280K, reserved 1048576K
Event: 0.486 GC heap after
Heap after GC invocations=1 (full 0):
 PSYoungGen      total 18944K, used 1440K [0x00000000eb380000, 0x00000000ec880000, 0x0000000100000000)
  eden space 16384K, 0% used [0x00000000eb380000,0x00000000eb380000,0x00000000ec380000)
  from space 2560K, 56% used [0x00000000ec380000,0x00000000ec4e8020,0x00000000ec600000)
  to   space 2560K, 0% used [0x00000000ec600000,0x00000000ec600000,0x00000000ec880000)
 ParOldGen       total 44032K, used 8K [0x00000000c1a00000, 0x00000000c4500000, 0x00000000eb380000)
  object space 44032K, 0% used [0x00000000c1a00000,0x00000000c1a02000,0x00000000c4500000)
 Metaspace       used 8608K, capacity 8796K, committed 8960K, reserved 1064960K
  class space    used 1090K, capacity 1178K, committed 1280K, reserved 1048576K
}
Event: 0.486 GC heap before
{Heap before GC invocations=2 (full 1):
 PSYoungGen      total 18944K, used 1440K [0x00000000eb380000, 0x00000000ec880000, 0x0000000100000000)
  eden space 16384K, 0% used [0x00000000eb380000,0x00000000eb380000,0x00000000ec380000)
  from space 2560K, 56% used [0x00000000ec380000,0x00000000ec4e8020,0x00000000ec600000)
  to   space 2560K, 0% used [0x00000000ec600000,0x00000000ec600000,0x00000000ec880000)
 ParOldGen       total 44032K, used 8K [0x00000000c1a00000, 0x00000000c4500000, 0x00000000eb380000)
  object space 44032K, 0% used [0x00000000c1a00000,0x00000000c1a02000,0x00000000c4500000)
 Metaspace       used 8608K, capacity 8796K, committed 8960K, reserved 1064960K
  class space    used 1090K, capacity 1178K, committed 1280K, reserved 1048576K
Event: 0.498 GC heap after
Heap after GC invocations=2 (full 1):
 PSYoungGen      total 18944K, used 0K [0x00000000eb380000, 0x00000000ec880000, 0x0000000100000000)
  eden space 16384K, 0% used [0x00000000eb380000,0x00000000eb380000,0x00000000ec380000)
  from space 2560K, 0% used [0x00000000ec380000,0x00000000ec380000,0x00000000ec600000)
  to   space 2560K, 0% used [0x00000000ec600000,0x00000000ec600000,0x00000000ec880000)
 ParOldGen       total 31744K, used 1358K [0x00000000c1a00000, 0x00000000c3900000, 0x00000000eb380000)
  object space 31744K, 4% used [0x00000000c1a00000,0x00000000c1b53b38,0x00000000c3900000)
 Metaspace       used 8608K, capacity 8796K, committed 8960K, reserved 1062912K
  class space    used 1090K, capacity 1178K, committed 1280K, reserved 1048576K
}

